Start testing: Aug 07 15:59 Pacific Daylight Time
----------------------------------------------------------
1/9 Testing: testRigExecMath
1/9 Test: testRigExecMath
Command: "D:/work/usdRig/usdRig/build-verify/testRigExecMath.exe"
Directory: D:/work/usdRig/usdRig/build-verify
"testRigExecMath" start time: Aug 07 15:59 Pacific Daylight Time
Output:
----------------------------------------------------------
testRigExecMath: all tests passed
<end of output>
Test time =   0.02 sec
----------------------------------------------------------
Test Passed.
"testRigExecMath" end time: Aug 07 15:59 Pacific Daylight Time
"testRigExecMath" time elapsed: 00:00:00
----------------------------------------------------------

2/9 Testing: testRigExecWeightFields
2/9 Test: testRigExecWeightFields
Command: "D:/work/usdRig/usdRig/build-verify/testRigExecWeightFields.exe"
Directory: D:/work/usdRig/usdRig/build-verify
"testRigExecWeightFields" start time: Aug 07 15:59 Pacific Daylight Time
Output:
----------------------------------------------------------
testRigExecWeightFields: all tests passed
<end of output>
Test time =   0.02 sec
----------------------------------------------------------
Test Passed.
"testRigExecWeightFields" end time: Aug 07 15:59 Pacific Daylight Time
"testRigExecWeightFields" time elapsed: 00:00:00
----------------------------------------------------------

3/9 Testing: testRigExecArm
3/9 Test: testRigExecArm
Command: "D:/work/usdRig/usdRig/build-verify/testRigExecArm.exe" "D:/work/usdRig/usdRig/examples"
Directory: D:/work/usdRig/usdRig/build-verify
"testRigExecArm" start time: Aug 07 15:59 Pacific Daylight Time
Output:
----------------------------------------------------------
testRigExecArm: all tests passed
<end of output>
Test time =   0.32 sec
----------------------------------------------------------
Test Passed.
"testRigExecArm" end time: Aug 07 15:59 Pacific Daylight Time
"testRigExecArm" time elapsed: 00:00:00
----------------------------------------------------------

4/9 Testing: testRigExecImaging
4/9 Test: testRigExecImaging
Command: "D:/work/usdRig/usdRig/build-verify/testRigExecImaging.exe" "D:/work/usdRig/usdRig/examples"
Directory: D:/work/usdRig/usdRig/build-verify
"testRigExecImaging" start time: Aug 07 15:59 Pacific Daylight Time
Output:
----------------------------------------------------------
Coding Error: in AddPrims at line 26 of D:\work\usdRig\OpenUSD\pxr\imaging\hd\retainedSceneIndex.cpp -- Expected non-trivial data when adding prim
Warning: in operator () at line 721 of D:\work\usdRig\usdRig\libs\rigExec\rigEvaluator.cpp -- RigExecControl /TailAsset/Rig/Controls/Tail1 authors xformOps, which are not a transform authority for a RigExec provider (rest:space and the avars are); the ops are ignored by evaluation and are not in the computed extent
Warning: in operator () at line 721 of D:\work\usdRig\usdRig\libs\rigExec\rigEvaluator.cpp -- RigExecControl /TailAsset/Rig/Controls/Tail1 authors xformOps, which are not a transform authority for a RigExec provider (rest:space and the avars are); the ops are ignored by evaluation and are not in the computed extent
Warning: in operator () at line 721 of D:\work\usdRig\usdRig\libs\rigExec\rigEvaluator.cpp -- RigExecFkChain /TailAsset/Rig/Solvers/TailFK authors xformOps, which are not a transform authority for a RigExec provider (rest:space and the avars are); the ops are ignored by evaluation and are not in the computed extent
Warning: in operator () at line 721 of D:\work\usdRig\usdRig\libs\rigExec\rigEvaluator.cpp -- RigExecControl /TailAsset/Rig/Controls/Tail1 authors xformOps, which are not a transform authority for a RigExec provider (rest:space and the avars are); the ops are ignored by evaluation and are not in the computed extent
Warning: in operator () at line 721 of D:\work\usdRig\usdRig\libs\rigExec\rigEvaluator.cpp -- gprim /TailAsset/Rig/Controls/Tail1/Extra is parented under RigExec provider /TailAsset/Rig/Controls/Tail1; a provider's computed extent covers only the guides beneath it, and bounds stop descending at a Boundable, so this geometry is absent from every bounding box that should contain it
Warning: in operator () at line 721 of D:\work\usdRig\usdRig\libs\rigExec\rigEvaluator.cpp -- RigExecFkChain /TailAsset/Rig/Solvers/TailFK authors xformOps, which are not a transform authority for a RigExec provider (rest:space and the avars are); the ops are ignored by evaluation and are not in the computed extent
Warning: in operator () at line 721 of D:\work\usdRig\usdRig\libs\rigExec\rigEvaluator.cpp -- RigExecControl /TailAsset/Rig/Controls/Tail1 authors xformOps, which are not a transform authority for a RigExec provider (rest:space and the avars are); the ops are ignored by evaluation and are not in the computed extent
Warning: in operator () at line 721 of D:\work\usdRig\usdRig\libs\rigExec\rigEvaluator.cpp -- gprim /TailAsset/Rig/Controls/Tail1/Extra is parented under RigExec provider /TailAsset/Rig/Controls/Tail1; a provider's computed extent covers only the guides beneath it, and bounds stop descending at a Boundable, so this geometry is absent from every bounding box that should contain it
Warning: in operator () at line 721 of D:\work\usdRig\usdRig\libs\rigExec\rigEvaluator.cpp -- Xformable /TailAsset/Rig/Extra sits between the asset root and provider /TailAsset/Rig/Extra/Ctrl; its transform is not composed into the provider's frames, so the computed extent places the guide as if it were identity
Warning: in operator () at line 721 of D:\work\usdRig\usdRig\libs\rigExec\rigEvaluator.cpp -- RigExecFkChain /TailAsset/Rig/Solvers/TailFK authors xformOps, which are not a transform authority for a RigExec provider (rest:space and the avars are); the ops are ignored by evaluation and are not in the computed extent
Warning: in operator () at line 721 of D:\work\usdRig\usdRig\libs\rigExec\rigEvaluator.cpp -- RigExecControl /TailAsset/Rig/Joints/Seg1/NestedCtrl has purpose 'default' but is nested under /TailAsset/Rig/Joints/Seg1 whose purpose is 'guide'; one extent carries one purpose, so this provider is excluded from its ancestor's bounds
TestDrivenXformConditioning
  flattened parent changed: yes | child changed: yes
testRigExecImaging: all tests passed
<end of output>
Test time =   0.28 sec
----------------------------------------------------------
Test Passed.
"testRigExecImaging" end time: Aug 07 15:59 Pacific Daylight Time
"testRigExecImaging" time elapsed: 00:00:00
----------------------------------------------------------

5/9 Testing: testRigExecVolumeWeights
5/9 Test: testRigExecVolumeWeights
Command: "D:/work/usdRig/usdRig/build-verify/testRigExecVolumeWeights.exe" "D:/work/usdRig/usdRig/examples"
Directory: D:/work/usdRig/usdRig/build-verify
"testRigExecVolumeWeights" start time: Aug 07 15:59 Pacific Daylight Time
Output:
----------------------------------------------------------
Data Dependency Cycle: in EndThreadBusy at line 127 of D:\work\usdRig\OpenUSD\pxr\exec\exec\taskCycleDetector.cpp -- Interrupting exec compilation due to one or more data depencency cycles. Computed values may not be accurate until the cycles are resolved.
sphere: diagnostic: mover graph parity: 1 chain(s) agreed over 1 revision(s)
rest-space-placement: diagnostic: mover graph parity: 1 chain(s) agreed over 1 revision(s)
ellipsoid: diagnostic: mover graph parity: 1 chain(s) agreed over 1 revision(s)
plane: diagnostic: mover graph parity: 1 chain(s) agreed over 1 revision(s)
curve: diagnostic: mover graph parity: 1 chain(s) agreed over 1 revision(s)
combine-multiply: diagnostic: mover graph parity: 1 chain(s) agreed over 1 revision(s)
combine-invert-strength: diagnostic: mover graph parity: 1 chain(s) agreed over 1 revision(s)
combine-max: diagnostic: mover graph parity: 1 chain(s) agreed over 1 revision(s)
combine-subtract: diagnostic: mover graph parity: 1 chain(s) agreed over 1 revision(s)
combine-subtract-reversed: diagnostic: mover graph parity: 1 chain(s) agreed over 1 revision(s)
combine-all-constant: diagnostic: mover graph parity: 1 chain(s) agreed over 1 revision(s)
combine-all-defaults: diagnostic: mover graph parity: 1 chain(s) agreed over 1 revision(s)
current-through-combine: diagnostic: mover graph parity: 1 chain(s) agreed over 2 revision(s)
invert: diagnostic: mover graph parity: 1 chain(s) agreed over 1 revision(s)
authored-curve: diagnostic: mover graph parity: 1 chain(s) agreed over 1 revision(s)
samplePhase-reference: diagnostic: mover graph parity: 1 chain(s) agreed over 2 revision(s)
samplePhase-current: diagnostic: mover graph parity: 1 chain(s) agreed over 2 revision(s)
testRigExecVolumeWeights: all tests passed
<end of output>
Test time =   0.13 sec
----------------------------------------------------------
Test Passed.
"testRigExecVolumeWeights" end time: Aug 07 15:59 Pacific Daylight Time
"testRigExecVolumeWeights" time elapsed: 00:00:00
----------------------------------------------------------

6/9 Testing: testRigExecWeightOverlay
6/9 Test: testRigExecWeightOverlay
Command: "D:/work/usdRig/usdRig/build-verify/testRigExecWeightOverlay.exe" "D:/work/usdRig/usdRig/examples"
Directory: D:/work/usdRig/usdRig/build-verify
"testRigExecWeightOverlay" start time: Aug 07 15:59 Pacific Daylight Time
Output:
----------------------------------------------------------
testRigExecWeightOverlay: all tests passed
<end of output>
Test time =   0.13 sec
----------------------------------------------------------
Test Passed.
"testRigExecWeightOverlay" end time: Aug 07 15:59 Pacific Daylight Time
"testRigExecWeightOverlay" time elapsed: 00:00:00
----------------------------------------------------------

7/9 Testing: testRigExecMoverGraph
7/9 Test: testRigExecMoverGraph
Command: "D:/work/usdRig/usdRig/build-verify/testRigExecMoverGraph.exe"
Directory: D:/work/usdRig/usdRig/build-verify
"testRigExecMoverGraph" start time: Aug 07 15:59 Pacific Daylight Time
Output:
----------------------------------------------------------
testRigExecMoverGraph: all tests passed
<end of output>
Test time =   0.09 sec
----------------------------------------------------------
Test Passed.
"testRigExecMoverGraph" end time: Aug 07 15:59 Pacific Daylight Time
"testRigExecMoverGraph" time elapsed: 00:00:00
----------------------------------------------------------

8/9 Testing: testRigExecNoAuthoring
8/9 Test: testRigExecNoAuthoring
Command: "D:/work/usdRig/usdRig/build-verify/testRigExecNoAuthoring.exe" "D:/work/usdRig/usdRig/examples"
Directory: D:/work/usdRig/usdRig/build-verify
"testRigExecNoAuthoring" start time: Aug 07 15:59 Pacific Daylight Time
Output:
----------------------------------------------------------
testRigExecNoAuthoring: all tests passed
<end of output>
Test time =   0.15 sec
----------------------------------------------------------
Test Passed.
"testRigExecNoAuthoring" end time: Aug 07 15:59 Pacific Daylight Time
"testRigExecNoAuthoring" time elapsed: 00:00:00
----------------------------------------------------------

9/9 Testing: testRigExecBounds
9/9 Test: testRigExecBounds
Command: "D:/work/usdRig/usdRig/build-verify/testRigExecBounds.exe" "D:/work/usdRig/usdRig/examples"
Directory: D:/work/usdRig/usdRig/build-verify
"testRigExecBounds" start time: Aug 07 15:59 Pacific Daylight Time
Output:
----------------------------------------------------------
testRigExecBounds: all tests passed
<end of output>
Test time =   0.08 sec
----------------------------------------------------------
Test Passed.
"testRigExecBounds" end time: Aug 07 15:59 Pacific Daylight Time
"testRigExecBounds" time elapsed: 00:00:00
----------------------------------------------------------

End testing: Aug 07 15:59 Pacific Daylight Time
